
> @famgia/omnify@1.0.173 build /Users/f.satoshi/Herd/omnify-ts/packages/omnify
> tsup

CLI Building entry: src/index.ts
CLI Using tsconfig: tsconfig.json
CLI tsup v8.5.1
CLI Using tsup config: /Users/f.satoshi/Herd/omnify-ts/packages/omnify/tsup.config.ts
CLI Target: es2022
CLI Cleaning output folder
ESM Build start
CJS Build start
CJS dist/index.cjs     4.30 KB
CJS dist/index.cjs.map 2.43 KB
CJS ⚡️ Build success in 44ms
ESM dist/index.js     1.66 KB
ESM dist/index.js.map 2.58 KB
ESM ⚡️ Build success in 50ms
DTS Build start
DTS ⚡️ Build success in 563ms
DTS dist/index.d.ts  1.29 KB
DTS dist/index.d.cts 1.29 KB
